[2019-09-27 17:43:19] redstone-app.INFO:   Redstone '/' route   [] {"uid":"c295177"}
[2019-09-27 20:09:29] redstone-app.INFO:   Redstone '/' route   [] {"uid":"83a6cae"}
[2019-09-27 20:09:57] redstone-app.INFO:   Redstone '/' route   [] {"uid":"0d749ca"}
[2019-09-27 18:08:52] redstone-app.INFO:   Redstone '/' route   [] {"uid":"fc363eb"}
[2019-09-27 18:09:02] redstone-app.INFO:   Redstone '/' route   [] {"uid":"90ec839"}
[2019-09-28 00:14:11] redstone-app.INFO:     __>> RsmUploader.php L38 - Successfully uploaded file     [] {"uid":"71da477"}
[2019-09-28 00:15:28] redstone-app.INFO:     __>> RsmUploader.php L38 - Successfully uploaded file     [] {"uid":"860ccc1"}
[2019-09-28 00:15:28] redstone-app.INFO:     __>> RsmUploader.php L38 - Successfully uploaded file     [] {"uid":"860ccc1"}
[2019-09-28 00:15:28] redstone-app.INFO:     __>> RsmUploader.php L38 - Successfully uploaded file     [] {"uid":"860ccc1"}
[2019-09-28 00:15:45] redstone-app.INFO:     __>> RsmUploader.php L38 - Successfully uploaded file     [] {"uid":"d2f9bd7"}
[2019-09-28 00:15:45] redstone-app.INFO:     __>> RsmUploader.php L38 - Successfully uploaded file     [] {"uid":"d2f9bd7"}
[2019-09-28 00:15:45] redstone-app.INFO:     __>> RsmUploader.php L38 - Successfully uploaded file     [] {"uid":"d2f9bd7"}
[2019-09-28 00:24:27] redstone-app.INFO:     __>> RsmUploader.php L38 - Successfully uploaded file     [] {"uid":"8d5e819"}
[2019-09-28 00:30:57] redstone-app.INFO: __>> RsmUploader.php L38 - Successfully uploaded file [] {"uid":"199af11"}
[2019-09-28 00:30:57] redstone-app.INFO: file type = object [] {"uid":"199af11"}
[2019-09-28 00:30:57] redstone-app.INFO: file type = object [] {"uid":"199af11"}
[2019-09-28 00:30:57] redstone-app.INFO: file type = object [] {"uid":"199af11"}
[2019-09-28 00:30:57] redstone-app.INFO: file type = object [] {"uid":"199af11"}
[2019-09-28 00:30:57] redstone-app.INFO: file type = object [] {"uid":"199af11"}
[2019-09-28 00:33:24] redstone-app.INFO: __>> RsmUploader.php L38 - Successfully uploaded file [] {"uid":"35617ad"}
[2019-09-28 00:33:24] redstone-app.INFO: file type = Slim\Http\UploadedFile [] {"uid":"35617ad"}
[2019-09-28 00:33:24] redstone-app.INFO: file type = Slim\Http\UploadedFile [] {"uid":"35617ad"}
[2019-09-28 00:33:24] redstone-app.INFO: file type = Slim\Http\UploadedFile [] {"uid":"35617ad"}
[2019-09-28 00:33:24] redstone-app.INFO: file type = Slim\Http\UploadedFile [] {"uid":"35617ad"}
[2019-09-28 00:33:24] redstone-app.INFO: file type = Slim\Http\UploadedFile [] {"uid":"35617ad"}
[2019-09-28 00:34:27] redstone-app.INFO: __>> RsmUploader.php L38 - Successfully uploaded file [] {"uid":"ab2af32"}
[2019-09-28 00:34:27] redstone-app.INFO: < file type = Slim\Http\UploadedFile > [] {"uid":"ab2af32"}
[2019-09-28 00:34:27] redstone-app.INFO: __>> RsmUploader.php L38 - Successfully uploaded file [] {"uid":"ab2af32"}
[2019-09-28 00:34:27] redstone-app.INFO: < file type = Slim\Http\UploadedFile > [] {"uid":"ab2af32"}
[2019-09-28 00:34:27] redstone-app.INFO: __>> RsmUploader.php L38 - Successfully uploaded file [] {"uid":"ab2af32"}
[2019-09-28 00:34:27] redstone-app.INFO: < file type = Slim\Http\UploadedFile > [] {"uid":"ab2af32"}
[2019-09-28 00:37:18] redstone-app.INFO:   Redstone '/' route   [] {"uid":"fc254a7"}
[2019-09-28 00:37:33] redstone-app.INFO:   Redstone '/' route   [] {"uid":"ac5cd6d"}
[2019-09-28 00:38:17] redstone-app.INFO:   Redstone '/' route   [] {"uid":"a895946"}
[2019-09-28 00:38:23] redstone-app.INFO:   Redstone '/' route   [] {"uid":"5b6ad53"}
[2019-09-28 00:38:50] redstone-app.INFO:   Redstone '/' route   [] {"uid":"5e9358d"}
[2019-09-28 00:39:08] redstone-app.INFO:   Redstone '/' route   [] {"uid":"af71607"}
[2019-09-28 00:52:27] redstone-app.INFO: __>> RsmUploader.php L38 - Successfully uploaded file [] {"uid":"bf0ce2f"}
[2019-09-28 00:52:27] redstone-app.INFO:  | file type = Slim\Http\UploadedFile |  [] {"uid":"bf0ce2f"}
[2019-09-28 00:52:27] redstone-app.INFO: __>> RsmUploader.php L38 - Successfully uploaded file [] {"uid":"bf0ce2f"}
[2019-09-28 00:52:27] redstone-app.INFO:  | file type = Slim\Http\UploadedFile |  [] {"uid":"bf0ce2f"}
[2019-09-28 00:52:27] redstone-app.INFO: __>> RsmUploader.php L38 - Successfully uploaded file [] {"uid":"bf0ce2f"}
[2019-09-28 00:52:27] redstone-app.INFO:  | file type = Slim\Http\UploadedFile |  [] {"uid":"bf0ce2f"}
[2019-09-28 00:52:50] redstone-app.INFO: __>> RsmUploader.php L38 - Successfully uploaded file [] {"uid":"208091f"}
[2019-09-28 00:52:50] redstone-app.INFO:  | file type = Slim\Http\UploadedFile |  [] {"uid":"208091f"}
[2019-09-28 00:52:50] redstone-app.INFO: __>> RsmUploader.php L38 - Successfully uploaded file [] {"uid":"208091f"}
[2019-09-28 00:52:50] redstone-app.INFO:  | file type = Slim\Http\UploadedFile |  [] {"uid":"208091f"}
[2019-09-28 00:52:50] redstone-app.INFO: __>> RsmUploader.php L38 - Successfully uploaded file [] {"uid":"208091f"}
[2019-09-28 00:52:50] redstone-app.INFO:  | file type = Slim\Http\UploadedFile |  [] {"uid":"208091f"}
[2019-09-28 00:54:51] redstone-app.INFO: __>> RsmUploader.php L38 - Successfully uploaded file [] {"uid":"6df42d9"}
[2019-09-28 00:54:51] redstone-app.INFO:  | file type = Slim\Http\UploadedFile |  [] {"uid":"6df42d9"}
[2019-09-28 00:54:51] redstone-app.INFO: __>> RsmUploader.php L38 - Successfully uploaded file [] {"uid":"6df42d9"}
[2019-09-28 00:54:51] redstone-app.INFO:  | file type = Slim\Http\UploadedFile |  [] {"uid":"6df42d9"}
[2019-09-28 00:54:51] redstone-app.INFO: __>> RsmUploader.php L38 - Successfully uploaded file [] {"uid":"6df42d9"}
[2019-09-28 00:54:51] redstone-app.INFO:  | file type = Slim\Http\UploadedFile |  [] {"uid":"6df42d9"}
[2019-09-28 00:55:40] redstone-app.INFO: __>> RsmUploader.php L38 - Successfully uploaded file [] {"uid":"5858558"}
[2019-09-28 00:55:40] redstone-app.INFO:  | file type = Slim\Http\UploadedFile |  [] {"uid":"5858558"}
[2019-09-28 00:55:40] redstone-app.INFO: __>> RsmUploader.php L38 - Successfully uploaded file [] {"uid":"5858558"}
[2019-09-28 00:55:40] redstone-app.INFO:  | file type = Slim\Http\UploadedFile |  [] {"uid":"5858558"}
[2019-09-28 00:55:40] redstone-app.INFO: __>> RsmUploader.php L38 - Successfully uploaded file [] {"uid":"5858558"}
[2019-09-28 01:33:21] redstone-app.INFO: __>> RsmUploader.php L102 - Successfully uploaded file [] {"uid":"df5e789"}
[2019-09-28 01:33:21] redstone-app.INFO:  | file type = Slim\Http\UploadedFile |  [] {"uid":"df5e789"}
[2019-09-28 01:33:21] redstone-app.INFO: __>> RsmUploader.php L102 - Successfully uploaded file [] {"uid":"df5e789"}
[2019-09-28 01:33:21] redstone-app.INFO:  | file type = Slim\Http\UploadedFile |  [] {"uid":"df5e789"}
[2019-09-28 01:33:21] redstone-app.INFO: __>> RsmUploader.php L102 - Successfully uploaded file [] {"uid":"df5e789"}
[2019-09-28 01:35:04] redstone-app.INFO: __>> RsmUploader.php L102 - Successfully uploaded file [] {"uid":"6a8c970"}
[2019-09-28 01:35:04] redstone-app.INFO:  | file type = Slim\Http\UploadedFile |  [] {"uid":"6a8c970"}
[2019-09-28 01:35:04] redstone-app.INFO: __>> RsmUploader.php L102 - Successfully uploaded file [] {"uid":"6a8c970"}
[2019-09-28 01:35:04] redstone-app.INFO:  | file type = Slim\Http\UploadedFile |  [] {"uid":"6a8c970"}
[2019-09-28 01:35:04] redstone-app.INFO: __>> RsmUploader.php L102 - Successfully uploaded file [] {"uid":"6a8c970"}
[2019-09-28 01:41:09] redstone-app.INFO: __>> RsmUploader.php L102 - Successfully uploaded file [] {"uid":"490d34c"}
[2019-09-28 01:41:09] redstone-app.INFO:  | file type = Slim\Http\UploadedFile |  [] {"uid":"490d34c"}
[2019-09-28 01:41:09] redstone-app.INFO: __>> RsmUploader.php L102 - Successfully uploaded file [] {"uid":"490d34c"}
[2019-09-28 01:41:09] redstone-app.INFO:  | file type = Slim\Http\UploadedFile |  [] {"uid":"490d34c"}
[2019-09-28 01:41:09] redstone-app.INFO: __>> RsmUploader.php L102 - Successfully uploaded file [] {"uid":"490d34c"}
[2019-09-28 01:46:21] redstone-app.INFO: __>> RsmUploader.php L102 - Successfully uploaded file [] {"uid":"5474da7"}
[2019-09-28 01:46:21] redstone-app.INFO:  | file type = Slim\Http\UploadedFile |  [] {"uid":"5474da7"}
[2019-09-28 01:46:21] redstone-app.INFO: __>> RsmUploader.php L102 - Successfully uploaded file [] {"uid":"5474da7"}
[2019-09-28 01:46:21] redstone-app.INFO:  | file type = Slim\Http\UploadedFile |  [] {"uid":"5474da7"}
[2019-09-28 01:46:21] redstone-app.INFO: __>> RsmUploader.php L102 - Successfully uploaded file [] {"uid":"5474da7"}
[2019-09-28 01:51:38] redstone-app.INFO: __>> RsmUploader.php L102 - Successfully uploaded file [] {"uid":"d89b0d5"}
[2019-09-28 01:51:38] redstone-app.INFO:  | file type = Slim\Http\UploadedFile |  [] {"uid":"d89b0d5"}
[2019-09-28 01:51:38] redstone-app.INFO: __>> RsmUploader.php L102 - Successfully uploaded file [] {"uid":"d89b0d5"}
[2019-09-28 01:51:38] redstone-app.INFO:  | file type = Slim\Http\UploadedFile |  [] {"uid":"d89b0d5"}
[2019-09-28 01:51:38] redstone-app.INFO: __>> RsmUploader.php L102 - Successfully uploaded file [] {"uid":"d89b0d5"}
[2019-09-28 01:53:53] redstone-app.INFO: __>> RsmUploader.php L102 - Successfully uploaded file [] {"uid":"9c8e3bd"}
[2019-09-28 01:53:53] redstone-app.INFO:  | file type = Slim\Http\UploadedFile |  [] {"uid":"9c8e3bd"}
[2019-09-28 01:53:53] redstone-app.INFO: __>> RsmUploader.php L102 - Successfully uploaded file [] {"uid":"9c8e3bd"}
[2019-09-28 01:53:53] redstone-app.INFO:  | file type = Slim\Http\UploadedFile |  [] {"uid":"9c8e3bd"}
[2019-09-28 01:53:53] redstone-app.INFO: __>> RsmUploader.php L102 - Successfully uploaded file [] {"uid":"9c8e3bd"}
[2019-09-28 01:54:46] redstone-app.INFO: __>> RsmUploader.php L102 - Successfully uploaded file [] {"uid":"dc123bd"}
[2019-09-28 01:54:46] redstone-app.INFO:  | file type = Slim\Http\UploadedFile |  [] {"uid":"dc123bd"}
[2019-09-28 01:54:46] redstone-app.INFO: __>> RsmUploader.php L102 - Successfully uploaded file [] {"uid":"dc123bd"}
[2019-09-28 01:54:46] redstone-app.INFO:  | file type = Slim\Http\UploadedFile |  [] {"uid":"dc123bd"}
[2019-09-28 01:54:46] redstone-app.INFO: __>> RsmUploader.php L102 - Successfully uploaded file [] {"uid":"dc123bd"}
[2019-09-28 01:54:46] redstone-app.INFO: C:/xampp/htdocs/tools/uploads/test/suppressed_test.csv [] {"uid":"dc123bd"}
[2019-09-28 01:54:46] redstone-app.INFO: C:/xampp/htdocs/tools/uploads/test/removed_test.csv [] {"uid":"dc123bd"}
[2019-09-28 01:54:50] redstone-app.INFO: __>> RsmUploader.php L102 - Successfully uploaded file [] {"uid":"6989586"}
[2019-09-28 01:54:50] redstone-app.INFO:  | file type = Slim\Http\UploadedFile |  [] {"uid":"6989586"}
[2019-09-28 01:54:50] redstone-app.INFO: __>> RsmUploader.php L102 - Successfully uploaded file [] {"uid":"6989586"}
[2019-09-28 01:54:50] redstone-app.INFO:  | file type = Slim\Http\UploadedFile |  [] {"uid":"6989586"}
[2019-09-28 01:54:50] redstone-app.INFO: __>> RsmUploader.php L102 - Successfully uploaded file [] {"uid":"6989586"}
[2019-09-28 01:54:50] redstone-app.INFO: C:/xampp/htdocs/tools/uploads/test/suppressed_test.csv [] {"uid":"6989586"}
[2019-09-28 01:54:50] redstone-app.INFO: C:/xampp/htdocs/tools/uploads/test/removed_test.csv [] {"uid":"6989586"}
[2019-09-28 02:05:01] redstone-app.INFO: __>> RsmUploader.php L102 - Successfully uploaded file [] {"uid":"12a2605"}
[2019-09-28 02:05:01] redstone-app.INFO:  | file type = Slim\Http\UploadedFile |  [] {"uid":"12a2605"}
[2019-09-28 02:05:01] redstone-app.INFO: __>> RsmUploader.php L102 - Successfully uploaded file [] {"uid":"12a2605"}
[2019-09-28 02:05:01] redstone-app.INFO:  | file type = Slim\Http\UploadedFile |  [] {"uid":"12a2605"}
[2019-09-28 02:05:01] redstone-app.INFO: __>> RsmUploader.php L102 - Successfully uploaded file [] {"uid":"12a2605"}
[2019-09-28 02:05:01] redstone-app.INFO: C:/xampp/htdocs/tools/uploads/test/suppressed_test.csv [] {"uid":"12a2605"}
[2019-09-28 02:05:01] redstone-app.INFO: C:/xampp/htdocs/tools/uploads/test/removed_test.csv [] {"uid":"12a2605"}
